[05:26:00] [main/INFO]: Loading Minecraft 1.21 with Fabric Loader 0.16.3
[05:26:00] [main/INFO]: Loading 4 mods:
	- fabricloader 0.16.3
	   \-- mixinextras 0.4.1
	- java 21
	- minecraft 1.21
[05:26:00] [main/INFO]: SpongePowered MIXIN Subsystem Version=0.8.7 Source=file:/workspaces/Sordo-en-subasta/servidor_minecraft/libraries/net/fabricmc/sponge-mixin/0.15.2+mixin.0.8.7/sponge-mixin-0.15.2+mixin.0.8.7.jar Service=Knot/Fabric Env=SERVER
[05:26:05] [main/INFO]: Environment: Environment[sessionHost=https://sessionserver.mojang.com, servicesHost=https://api.minecraftservices.com, name=PROD]
[05:26:06] [main/INFO]: No existing world data, creating new world
[05:26:06] [main/INFO]: Loaded 1290 recipes
[05:26:07] [main/INFO]: Loaded 1399 advancements
[05:26:07] [Server thread/INFO]: Starting minecraft server version 1.21
[05:26:07] [Server thread/INFO]: Loading properties
[05:26:07] [Server thread/INFO]: Default game type: SURVIVAL
[05:26:07] [Server thread/INFO]: Generating keypair
[05:26:07] [Server thread/INFO]: Starting Minecraft server on *:25565
[05:26:07] [Server thread/INFO]: Using epoll channel type
[05:26:07] [Server thread/WARN]: **** SERVER IS RUNNING IN OFFLINE/INSECURE MODE!
[05:26:07] [Server thread/WARN]: The server will make no attempt to authenticate usernames. Beware.
[05:26:07] [Server thread/WARN]: While this makes the game possible to play without internet access, it also opens up the ability for hackers to connect with any username they choose.
[05:26:07] [Server thread/WARN]: To change this, set "online-mode" to "true" in the server.properties file.
[05:26:07] [Server thread/INFO]: Preparing level "world"
[05:26:14] [Server thread/INFO]: Preparing start region for dimension minecraft:overworld
[05:26:14] [Worker-Main-1/INFO]: Preparing spawn area: 2%
[05:26:14] [Worker-Main-1/INFO]: Preparing spawn area: 2%
[05:26:15] [Worker-Main-2/INFO]: Preparing spawn area: 2%
[05:26:15] [Worker-Main-1/INFO]: Preparing spawn area: 2%
[05:26:16] [Worker-Main-3/INFO]: Preparing spawn area: 18%
[05:26:16] [Worker-Main-2/INFO]: Preparing spawn area: 18%
[05:26:17] [Worker-Main-2/INFO]: Preparing spawn area: 18%
[05:26:17] [Worker-Main-3/INFO]: Preparing spawn area: 51%
[05:26:18] [Worker-Main-3/INFO]: Preparing spawn area: 51%
[05:26:18] [Worker-Main-3/INFO]: Preparing spawn area: 51%
[05:26:18] [Server thread/INFO]: Time elapsed: 4733 ms
[05:26:18] [Server thread/INFO]: Done (10.980s)! For help, type "help"
[05:27:31] [Server thread/INFO]: Unknown or incomplete command, see below for error
[05:27:31] [Server thread/INFO]: off<--[HERE]
[05:28:22] [Server thread/INFO]: Unknown or incomplete command, see below for error
[05:28:22] [Server thread/INFO]: close<--[HERE]
[05:33:01] [Server thread/INFO]: Unknown or incomplete command, see below for error
[05:33:01] [Server thread/INFO]: left<--[HERE]
[05:33:13] [Server thread/INFO]: Unknown or incomplete command, see below for error
[05:33:13] [Server thread/INFO]: on<--[HERE]
[05:33:16] [Server thread/INFO]: Unknown or incomplete command, see below for error
[05:33:16] [Server thread/INFO]: 5<--[HERE]
[05:33:59] [Server thread/INFO]: Unknown or incomplete command, see below for error
[05:33:59] [Server thread/INFO]: off<--[HERE]
[05:34:16] [Server thread/INFO]: Unknown or incomplete command, see below for error
[05:34:16] [Server thread/INFO]: penes de gome<--[HERE]
[05:34:27] [Server thread/INFO]: No entity was found
